[2025-03-20T16:37:23.011+0000] {processor.py:153} INFO - Started process (PID=54) to work on /opt/airflow/dags/smooth.py
[2025-03-20T16:37:23.012+0000] {processor.py:743} INFO - Processing file /opt/airflow/dags/smooth.py for tasks to queue
[2025-03-20T16:37:23.013+0000] {logging_mixin.py:137} INFO - [2025-03-20T16:37:23.012+0000] {dagbag.py:538} INFO - Filling up the DagBag from /opt/airflow/dags/smooth.py
[2025-03-20T16:37:23.016+0000] {logging_mixin.py:137} INFO - [2025-03-20T16:37:23.014+0000] {dagbag.py:343} ERROR - Failed to import: /opt/airflow/dags/smooth.py
Traceback (most recent call last):
  File "/home/airflow/.local/lib/python3.7/site-packages/airflow/models/dagbag.py", line 339, in parse
    loader.exec_module(new_module)
  File "<frozen importlib._bootstrap_external>", line 724, in exec_module
  File "<frozen importlib._bootstrap_external>", line 860, in get_code
  File "<frozen importlib._bootstrap_external>", line 791, in source_to_code
  File "<frozen importlib._bootstrap>", line 219, in _call_with_frames_removed
  File "/opt/airflow/dags/smooth.py", line 12
    def smooth()
               ^
SyntaxError: invalid syntax
[2025-03-20T16:37:23.016+0000] {processor.py:755} WARNING - No viable dags retrieved from /opt/airflow/dags/smooth.py
[2025-03-20T16:37:23.038+0000] {processor.py:175} INFO - Processing /opt/airflow/dags/smooth.py took 0.032 seconds
[2025-03-20T16:37:53.241+0000] {processor.py:153} INFO - Started process (PID=87) to work on /opt/airflow/dags/smooth.py
[2025-03-20T16:37:53.244+0000] {processor.py:743} INFO - Processing file /opt/airflow/dags/smooth.py for tasks to queue
[2025-03-20T16:37:53.246+0000] {logging_mixin.py:137} INFO - [2025-03-20T16:37:53.245+0000] {dagbag.py:538} INFO - Filling up the DagBag from /opt/airflow/dags/smooth.py
[2025-03-20T16:37:53.249+0000] {logging_mixin.py:137} INFO - [2025-03-20T16:37:53.247+0000] {dagbag.py:343} ERROR - Failed to import: /opt/airflow/dags/smooth.py
Traceback (most recent call last):
  File "/home/airflow/.local/lib/python3.7/site-packages/airflow/models/dagbag.py", line 339, in parse
    loader.exec_module(new_module)
  File "<frozen importlib._bootstrap_external>", line 724, in exec_module
  File "<frozen importlib._bootstrap_external>", line 860, in get_code
  File "<frozen importlib._bootstrap_external>", line 791, in source_to_code
  File "<frozen importlib._bootstrap>", line 219, in _call_with_frames_removed
  File "/opt/airflow/dags/smooth.py", line 12
    def smooth()
               ^
SyntaxError: invalid syntax
[2025-03-20T16:37:53.250+0000] {processor.py:755} WARNING - No viable dags retrieved from /opt/airflow/dags/smooth.py
[2025-03-20T16:37:53.277+0000] {processor.py:175} INFO - Processing /opt/airflow/dags/smooth.py took 0.043 seconds
[2025-03-20T16:38:23.406+0000] {processor.py:153} INFO - Started process (PID=120) to work on /opt/airflow/dags/smooth.py
[2025-03-20T16:38:23.407+0000] {processor.py:743} INFO - Processing file /opt/airflow/dags/smooth.py for tasks to queue
[2025-03-20T16:38:23.408+0000] {logging_mixin.py:137} INFO - [2025-03-20T16:38:23.408+0000] {dagbag.py:538} INFO - Filling up the DagBag from /opt/airflow/dags/smooth.py
[2025-03-20T16:38:23.411+0000] {logging_mixin.py:137} INFO - [2025-03-20T16:38:23.409+0000] {dagbag.py:343} ERROR - Failed to import: /opt/airflow/dags/smooth.py
Traceback (most recent call last):
  File "/home/airflow/.local/lib/python3.7/site-packages/airflow/models/dagbag.py", line 339, in parse
    loader.exec_module(new_module)
  File "<frozen importlib._bootstrap_external>", line 724, in exec_module
  File "<frozen importlib._bootstrap_external>", line 860, in get_code
  File "<frozen importlib._bootstrap_external>", line 791, in source_to_code
  File "<frozen importlib._bootstrap>", line 219, in _call_with_frames_removed
  File "/opt/airflow/dags/smooth.py", line 12
    def smooth()
               ^
SyntaxError: invalid syntax
[2025-03-20T16:38:23.411+0000] {processor.py:755} WARNING - No viable dags retrieved from /opt/airflow/dags/smooth.py
[2025-03-20T16:38:23.440+0000] {processor.py:175} INFO - Processing /opt/airflow/dags/smooth.py took 0.038 seconds
[2025-03-20T16:38:43.560+0000] {processor.py:153} INFO - Started process (PID=153) to work on /opt/airflow/dags/smooth.py
[2025-03-20T16:38:43.562+0000] {processor.py:743} INFO - Processing file /opt/airflow/dags/smooth.py for tasks to queue
[2025-03-20T16:38:43.563+0000] {logging_mixin.py:137} INFO - [2025-03-20T16:38:43.562+0000] {dagbag.py:538} INFO - Filling up the DagBag from /opt/airflow/dags/smooth.py
[2025-03-20T16:38:43.630+0000] {processor.py:753} INFO - DAG(s) dict_keys(['smooth']) retrieved from /opt/airflow/dags/smooth.py
[2025-03-20T16:38:44.039+0000] {logging_mixin.py:137} INFO - [2025-03-20T16:38:44.039+0000] {manager.py:504} INFO - Created Permission View: can read on DAG:smooth
[2025-03-20T16:38:44.057+0000] {logging_mixin.py:137} INFO - [2025-03-20T16:38:44.057+0000] {manager.py:504} INFO - Created Permission View: can delete on DAG:smooth
[2025-03-20T16:38:44.073+0000] {logging_mixin.py:137} INFO - [2025-03-20T16:38:44.073+0000] {manager.py:504} INFO - Created Permission View: can edit on DAG:smooth
[2025-03-20T16:38:44.074+0000] {logging_mixin.py:137} INFO - [2025-03-20T16:38:44.073+0000] {dag.py:2690} INFO - Sync 1 DAGs
[2025-03-20T16:38:44.096+0000] {logging_mixin.py:137} INFO - [2025-03-20T16:38:44.095+0000] {dag.py:2711} INFO - Creating ORM DAG for smooth
[2025-03-20T16:38:44.113+0000] {logging_mixin.py:137} INFO - [2025-03-20T16:38:44.112+0000] {dag.py:3441} INFO - Setting next_dagrun for smooth to None, run_after=None
[2025-03-20T16:38:44.148+0000] {processor.py:175} INFO - Processing /opt/airflow/dags/smooth.py took 0.594 seconds
[2025-03-20T16:39:32.895+0000] {processor.py:153} INFO - Started process (PID=37) to work on /opt/airflow/dags/smooth.py
[2025-03-20T16:39:32.897+0000] {processor.py:743} INFO - Processing file /opt/airflow/dags/smooth.py for tasks to queue
[2025-03-20T16:39:32.898+0000] {logging_mixin.py:137} INFO - [2025-03-20T16:39:32.898+0000] {dagbag.py:538} INFO - Filling up the DagBag from /opt/airflow/dags/smooth.py
[2025-03-20T16:39:32.967+0000] {processor.py:753} INFO - DAG(s) dict_keys(['smooth']) retrieved from /opt/airflow/dags/smooth.py
[2025-03-20T16:39:33.126+0000] {logging_mixin.py:137} INFO - [2025-03-20T16:39:33.126+0000] {dag.py:2690} INFO - Sync 1 DAGs
[2025-03-20T16:39:33.157+0000] {logging_mixin.py:137} INFO - [2025-03-20T16:39:33.156+0000] {dag.py:3441} INFO - Setting next_dagrun for smooth to None, run_after=None
[2025-03-20T16:39:33.208+0000] {processor.py:175} INFO - Processing /opt/airflow/dags/smooth.py took 0.317 seconds
[2025-03-20T16:40:03.425+0000] {processor.py:153} INFO - Started process (PID=79) to work on /opt/airflow/dags/smooth.py
[2025-03-20T16:40:03.426+0000] {processor.py:743} INFO - Processing file /opt/airflow/dags/smooth.py for tasks to queue
[2025-03-20T16:40:03.428+0000] {logging_mixin.py:137} INFO - [2025-03-20T16:40:03.428+0000] {dagbag.py:538} INFO - Filling up the DagBag from /opt/airflow/dags/smooth.py
[2025-03-20T16:40:03.493+0000] {processor.py:753} INFO - DAG(s) dict_keys(['smooth']) retrieved from /opt/airflow/dags/smooth.py
[2025-03-20T16:40:03.543+0000] {logging_mixin.py:137} INFO - [2025-03-20T16:40:03.541+0000] {dag.py:2690} INFO - Sync 1 DAGs
[2025-03-20T16:40:03.607+0000] {logging_mixin.py:137} INFO - [2025-03-20T16:40:03.607+0000] {dag.py:3441} INFO - Setting next_dagrun for smooth to None, run_after=None
[2025-03-20T16:40:03.644+0000] {processor.py:175} INFO - Processing /opt/airflow/dags/smooth.py took 0.227 seconds
[2025-03-20T16:40:33.837+0000] {processor.py:153} INFO - Started process (PID=119) to work on /opt/airflow/dags/smooth.py
[2025-03-20T16:40:33.839+0000] {processor.py:743} INFO - Processing file /opt/airflow/dags/smooth.py for tasks to queue
[2025-03-20T16:40:33.840+0000] {logging_mixin.py:137} INFO - [2025-03-20T16:40:33.839+0000] {dagbag.py:538} INFO - Filling up the DagBag from /opt/airflow/dags/smooth.py
[2025-03-20T16:40:33.872+0000] {processor.py:753} INFO - DAG(s) dict_keys(['smooth']) retrieved from /opt/airflow/dags/smooth.py
[2025-03-20T16:40:33.915+0000] {logging_mixin.py:137} INFO - [2025-03-20T16:40:33.915+0000] {dag.py:2690} INFO - Sync 1 DAGs
[2025-03-20T16:40:33.967+0000] {logging_mixin.py:137} INFO - [2025-03-20T16:40:33.967+0000] {dag.py:3441} INFO - Setting next_dagrun for smooth to None, run_after=None
[2025-03-20T16:40:34.016+0000] {processor.py:175} INFO - Processing /opt/airflow/dags/smooth.py took 0.186 seconds
[2025-03-20T16:41:04.213+0000] {processor.py:153} INFO - Started process (PID=152) to work on /opt/airflow/dags/smooth.py
[2025-03-20T16:41:04.214+0000] {processor.py:743} INFO - Processing file /opt/airflow/dags/smooth.py for tasks to queue
[2025-03-20T16:41:04.215+0000] {logging_mixin.py:137} INFO - [2025-03-20T16:41:04.215+0000] {dagbag.py:538} INFO - Filling up the DagBag from /opt/airflow/dags/smooth.py
[2025-03-20T16:41:04.259+0000] {processor.py:753} INFO - DAG(s) dict_keys(['smooth']) retrieved from /opt/airflow/dags/smooth.py
[2025-03-20T16:41:04.300+0000] {logging_mixin.py:137} INFO - [2025-03-20T16:41:04.300+0000] {dag.py:2690} INFO - Sync 1 DAGs
[2025-03-20T16:41:04.341+0000] {logging_mixin.py:137} INFO - [2025-03-20T16:41:04.341+0000] {dag.py:3441} INFO - Setting next_dagrun for smooth to None, run_after=None
[2025-03-20T16:41:04.379+0000] {processor.py:175} INFO - Processing /opt/airflow/dags/smooth.py took 0.178 seconds
[2025-03-20T16:41:34.582+0000] {processor.py:153} INFO - Started process (PID=184) to work on /opt/airflow/dags/smooth.py
[2025-03-20T16:41:34.585+0000] {processor.py:743} INFO - Processing file /opt/airflow/dags/smooth.py for tasks to queue
[2025-03-20T16:41:34.586+0000] {logging_mixin.py:137} INFO - [2025-03-20T16:41:34.586+0000] {dagbag.py:538} INFO - Filling up the DagBag from /opt/airflow/dags/smooth.py
[2025-03-20T16:41:34.650+0000] {processor.py:753} INFO - DAG(s) dict_keys(['smooth']) retrieved from /opt/airflow/dags/smooth.py
[2025-03-20T16:41:34.707+0000] {logging_mixin.py:137} INFO - [2025-03-20T16:41:34.707+0000] {dag.py:2690} INFO - Sync 1 DAGs
[2025-03-20T16:41:34.754+0000] {logging_mixin.py:137} INFO - [2025-03-20T16:41:34.754+0000] {dag.py:3441} INFO - Setting next_dagrun for smooth to None, run_after=None
[2025-03-20T16:41:34.784+0000] {processor.py:175} INFO - Processing /opt/airflow/dags/smooth.py took 0.216 seconds
[2025-03-20T16:42:04.990+0000] {processor.py:153} INFO - Started process (PID=234) to work on /opt/airflow/dags/smooth.py
[2025-03-20T16:42:04.992+0000] {processor.py:743} INFO - Processing file /opt/airflow/dags/smooth.py for tasks to queue
[2025-03-20T16:42:04.993+0000] {logging_mixin.py:137} INFO - [2025-03-20T16:42:04.993+0000] {dagbag.py:538} INFO - Filling up the DagBag from /opt/airflow/dags/smooth.py
[2025-03-20T16:42:05.025+0000] {processor.py:753} INFO - DAG(s) dict_keys(['smooth']) retrieved from /opt/airflow/dags/smooth.py
[2025-03-20T16:42:05.089+0000] {logging_mixin.py:137} INFO - [2025-03-20T16:42:05.089+0000] {dag.py:2690} INFO - Sync 1 DAGs
[2025-03-20T16:42:05.170+0000] {logging_mixin.py:137} INFO - [2025-03-20T16:42:05.169+0000] {dag.py:3441} INFO - Setting next_dagrun for smooth to None, run_after=None
[2025-03-20T16:42:05.221+0000] {processor.py:175} INFO - Processing /opt/airflow/dags/smooth.py took 0.235 seconds
[2025-03-20T16:42:35.396+0000] {processor.py:153} INFO - Started process (PID=268) to work on /opt/airflow/dags/smooth.py
[2025-03-20T16:42:35.397+0000] {processor.py:743} INFO - Processing file /opt/airflow/dags/smooth.py for tasks to queue
[2025-03-20T16:42:35.401+0000] {logging_mixin.py:137} INFO - [2025-03-20T16:42:35.400+0000] {dagbag.py:538} INFO - Filling up the DagBag from /opt/airflow/dags/smooth.py
[2025-03-20T16:42:35.437+0000] {processor.py:753} INFO - DAG(s) dict_keys(['smooth']) retrieved from /opt/airflow/dags/smooth.py
[2025-03-20T16:42:35.483+0000] {logging_mixin.py:137} INFO - [2025-03-20T16:42:35.483+0000] {dag.py:2690} INFO - Sync 1 DAGs
[2025-03-20T16:42:35.527+0000] {logging_mixin.py:137} INFO - [2025-03-20T16:42:35.526+0000] {dag.py:3441} INFO - Setting next_dagrun for smooth to None, run_after=None
[2025-03-20T16:42:35.561+0000] {processor.py:175} INFO - Processing /opt/airflow/dags/smooth.py took 0.171 seconds
[2025-03-20T16:43:05.743+0000] {processor.py:153} INFO - Started process (PID=300) to work on /opt/airflow/dags/smooth.py
[2025-03-20T16:43:05.745+0000] {processor.py:743} INFO - Processing file /opt/airflow/dags/smooth.py for tasks to queue
[2025-03-20T16:43:05.746+0000] {logging_mixin.py:137} INFO - [2025-03-20T16:43:05.746+0000] {dagbag.py:538} INFO - Filling up the DagBag from /opt/airflow/dags/smooth.py
[2025-03-20T16:43:05.770+0000] {processor.py:753} INFO - DAG(s) dict_keys(['smooth']) retrieved from /opt/airflow/dags/smooth.py
[2025-03-20T16:43:05.813+0000] {logging_mixin.py:137} INFO - [2025-03-20T16:43:05.813+0000] {dag.py:2690} INFO - Sync 1 DAGs
[2025-03-20T16:43:05.856+0000] {logging_mixin.py:137} INFO - [2025-03-20T16:43:05.855+0000] {dag.py:3441} INFO - Setting next_dagrun for smooth to None, run_after=None
[2025-03-20T16:43:05.880+0000] {processor.py:175} INFO - Processing /opt/airflow/dags/smooth.py took 0.141 seconds
[2025-03-20T16:43:35.961+0000] {processor.py:153} INFO - Started process (PID=332) to work on /opt/airflow/dags/smooth.py
[2025-03-20T16:43:35.962+0000] {processor.py:743} INFO - Processing file /opt/airflow/dags/smooth.py for tasks to queue
[2025-03-20T16:43:35.965+0000] {logging_mixin.py:137} INFO - [2025-03-20T16:43:35.964+0000] {dagbag.py:538} INFO - Filling up the DagBag from /opt/airflow/dags/smooth.py
[2025-03-20T16:43:36.004+0000] {processor.py:753} INFO - DAG(s) dict_keys(['smooth']) retrieved from /opt/airflow/dags/smooth.py
[2025-03-20T16:43:36.038+0000] {logging_mixin.py:137} INFO - [2025-03-20T16:43:36.038+0000] {dag.py:2690} INFO - Sync 1 DAGs
[2025-03-20T16:43:36.098+0000] {logging_mixin.py:137} INFO - [2025-03-20T16:43:36.098+0000] {dag.py:3441} INFO - Setting next_dagrun for smooth to None, run_after=None
[2025-03-20T16:43:36.138+0000] {processor.py:175} INFO - Processing /opt/airflow/dags/smooth.py took 0.197 seconds
[2025-03-20T16:44:06.272+0000] {processor.py:153} INFO - Started process (PID=381) to work on /opt/airflow/dags/smooth.py
[2025-03-20T16:44:06.273+0000] {processor.py:743} INFO - Processing file /opt/airflow/dags/smooth.py for tasks to queue
[2025-03-20T16:44:06.274+0000] {logging_mixin.py:137} INFO - [2025-03-20T16:44:06.274+0000] {dagbag.py:538} INFO - Filling up the DagBag from /opt/airflow/dags/smooth.py
[2025-03-20T16:44:06.297+0000] {processor.py:753} INFO - DAG(s) dict_keys(['smooth']) retrieved from /opt/airflow/dags/smooth.py
[2025-03-20T16:44:06.328+0000] {logging_mixin.py:137} INFO - [2025-03-20T16:44:06.328+0000] {dag.py:2690} INFO - Sync 1 DAGs
[2025-03-20T16:44:06.361+0000] {logging_mixin.py:137} INFO - [2025-03-20T16:44:06.361+0000] {dag.py:3441} INFO - Setting next_dagrun for smooth to None, run_after=None
[2025-03-20T16:44:06.383+0000] {processor.py:175} INFO - Processing /opt/airflow/dags/smooth.py took 0.125 seconds
[2025-03-20T16:44:36.513+0000] {processor.py:153} INFO - Started process (PID=414) to work on /opt/airflow/dags/smooth.py
[2025-03-20T16:44:36.515+0000] {processor.py:743} INFO - Processing file /opt/airflow/dags/smooth.py for tasks to queue
[2025-03-20T16:44:36.515+0000] {logging_mixin.py:137} INFO - [2025-03-20T16:44:36.515+0000] {dagbag.py:538} INFO - Filling up the DagBag from /opt/airflow/dags/smooth.py
[2025-03-20T16:44:36.541+0000] {processor.py:753} INFO - DAG(s) dict_keys(['smooth']) retrieved from /opt/airflow/dags/smooth.py
[2025-03-20T16:44:36.572+0000] {logging_mixin.py:137} INFO - [2025-03-20T16:44:36.572+0000] {dag.py:2690} INFO - Sync 1 DAGs
[2025-03-20T16:44:36.603+0000] {logging_mixin.py:137} INFO - [2025-03-20T16:44:36.603+0000] {dag.py:3441} INFO - Setting next_dagrun for smooth to None, run_after=None
[2025-03-20T16:44:36.629+0000] {processor.py:175} INFO - Processing /opt/airflow/dags/smooth.py took 0.119 seconds
[2025-03-20T16:45:06.712+0000] {processor.py:153} INFO - Started process (PID=447) to work on /opt/airflow/dags/smooth.py
[2025-03-20T16:45:06.713+0000] {processor.py:743} INFO - Processing file /opt/airflow/dags/smooth.py for tasks to queue
[2025-03-20T16:45:06.714+0000] {logging_mixin.py:137} INFO - [2025-03-20T16:45:06.714+0000] {dagbag.py:538} INFO - Filling up the DagBag from /opt/airflow/dags/smooth.py
[2025-03-20T16:45:06.738+0000] {processor.py:753} INFO - DAG(s) dict_keys(['smooth']) retrieved from /opt/airflow/dags/smooth.py
[2025-03-20T16:45:06.768+0000] {logging_mixin.py:137} INFO - [2025-03-20T16:45:06.768+0000] {dag.py:2690} INFO - Sync 1 DAGs
[2025-03-20T16:45:06.800+0000] {logging_mixin.py:137} INFO - [2025-03-20T16:45:06.800+0000] {dag.py:3441} INFO - Setting next_dagrun for smooth to None, run_after=None
[2025-03-20T16:45:06.824+0000] {processor.py:175} INFO - Processing /opt/airflow/dags/smooth.py took 0.120 seconds
[2025-03-20T16:45:36.980+0000] {processor.py:153} INFO - Started process (PID=489) to work on /opt/airflow/dags/smooth.py
[2025-03-20T16:45:36.981+0000] {processor.py:743} INFO - Processing file /opt/airflow/dags/smooth.py for tasks to queue
[2025-03-20T16:45:36.985+0000] {logging_mixin.py:137} INFO - [2025-03-20T16:45:36.985+0000] {dagbag.py:538} INFO - Filling up the DagBag from /opt/airflow/dags/smooth.py
[2025-03-20T16:45:37.038+0000] {processor.py:753} INFO - DAG(s) dict_keys(['smooth']) retrieved from /opt/airflow/dags/smooth.py
[2025-03-20T16:45:37.079+0000] {logging_mixin.py:137} INFO - [2025-03-20T16:45:37.079+0000] {dag.py:2690} INFO - Sync 1 DAGs
[2025-03-20T16:45:37.113+0000] {logging_mixin.py:137} INFO - [2025-03-20T16:45:37.113+0000] {dag.py:3441} INFO - Setting next_dagrun for smooth to None, run_after=None
[2025-03-20T16:45:37.152+0000] {processor.py:175} INFO - Processing /opt/airflow/dags/smooth.py took 0.182 seconds
[2025-03-20T16:46:07.196+0000] {processor.py:153} INFO - Started process (PID=529) to work on /opt/airflow/dags/smooth.py
[2025-03-20T16:46:07.197+0000] {processor.py:743} INFO - Processing file /opt/airflow/dags/smooth.py for tasks to queue
[2025-03-20T16:46:07.198+0000] {logging_mixin.py:137} INFO - [2025-03-20T16:46:07.198+0000] {dagbag.py:538} INFO - Filling up the DagBag from /opt/airflow/dags/smooth.py
[2025-03-20T16:46:07.237+0000] {processor.py:753} INFO - DAG(s) dict_keys(['smooth']) retrieved from /opt/airflow/dags/smooth.py
[2025-03-20T16:46:07.278+0000] {logging_mixin.py:137} INFO - [2025-03-20T16:46:07.277+0000] {dag.py:2690} INFO - Sync 1 DAGs
[2025-03-20T16:46:07.324+0000] {logging_mixin.py:137} INFO - [2025-03-20T16:46:07.324+0000] {dag.py:3441} INFO - Setting next_dagrun for smooth to None, run_after=None
[2025-03-20T16:46:07.350+0000] {processor.py:175} INFO - Processing /opt/airflow/dags/smooth.py took 0.158 seconds
[2025-03-20T16:46:37.524+0000] {processor.py:153} INFO - Started process (PID=562) to work on /opt/airflow/dags/smooth.py
[2025-03-20T16:46:37.526+0000] {processor.py:743} INFO - Processing file /opt/airflow/dags/smooth.py for tasks to queue
[2025-03-20T16:46:37.527+0000] {logging_mixin.py:137} INFO - [2025-03-20T16:46:37.527+0000] {dagbag.py:538} INFO - Filling up the DagBag from /opt/airflow/dags/smooth.py
[2025-03-20T16:46:37.557+0000] {processor.py:753} INFO - DAG(s) dict_keys(['smooth']) retrieved from /opt/airflow/dags/smooth.py
[2025-03-20T16:46:37.594+0000] {logging_mixin.py:137} INFO - [2025-03-20T16:46:37.593+0000] {dag.py:2690} INFO - Sync 1 DAGs
[2025-03-20T16:46:37.629+0000] {logging_mixin.py:137} INFO - [2025-03-20T16:46:37.629+0000] {dag.py:3441} INFO - Setting next_dagrun for smooth to None, run_after=None
[2025-03-20T16:46:37.654+0000] {processor.py:175} INFO - Processing /opt/airflow/dags/smooth.py took 0.134 seconds
[2025-03-20T16:47:07.724+0000] {processor.py:153} INFO - Started process (PID=595) to work on /opt/airflow/dags/smooth.py
[2025-03-20T16:47:07.726+0000] {processor.py:743} INFO - Processing file /opt/airflow/dags/smooth.py for tasks to queue
[2025-03-20T16:47:07.727+0000] {logging_mixin.py:137} INFO - [2025-03-20T16:47:07.727+0000] {dagbag.py:538} INFO - Filling up the DagBag from /opt/airflow/dags/smooth.py
[2025-03-20T16:47:07.751+0000] {processor.py:753} INFO - DAG(s) dict_keys(['smooth']) retrieved from /opt/airflow/dags/smooth.py
[2025-03-20T16:47:07.789+0000] {logging_mixin.py:137} INFO - [2025-03-20T16:47:07.789+0000] {dag.py:2690} INFO - Sync 1 DAGs
[2025-03-20T16:47:07.828+0000] {logging_mixin.py:137} INFO - [2025-03-20T16:47:07.827+0000] {dag.py:3441} INFO - Setting next_dagrun for smooth to None, run_after=None
[2025-03-20T16:47:07.872+0000] {processor.py:175} INFO - Processing /opt/airflow/dags/smooth.py took 0.152 seconds
[2025-03-20T16:47:38.004+0000] {processor.py:153} INFO - Started process (PID=627) to work on /opt/airflow/dags/smooth.py
[2025-03-20T16:47:38.007+0000] {processor.py:743} INFO - Processing file /opt/airflow/dags/smooth.py for tasks to queue
[2025-03-20T16:47:38.008+0000] {logging_mixin.py:137} INFO - [2025-03-20T16:47:38.007+0000] {dagbag.py:538} INFO - Filling up the DagBag from /opt/airflow/dags/smooth.py
[2025-03-20T16:47:38.059+0000] {processor.py:753} INFO - DAG(s) dict_keys(['smooth']) retrieved from /opt/airflow/dags/smooth.py
[2025-03-20T16:47:38.094+0000] {logging_mixin.py:137} INFO - [2025-03-20T16:47:38.093+0000] {dag.py:2690} INFO - Sync 1 DAGs
[2025-03-20T16:47:38.136+0000] {logging_mixin.py:137} INFO - [2025-03-20T16:47:38.136+0000] {dag.py:3441} INFO - Setting next_dagrun for smooth to None, run_after=None
[2025-03-20T16:47:38.176+0000] {processor.py:175} INFO - Processing /opt/airflow/dags/smooth.py took 0.182 seconds
[2025-03-20T16:48:08.242+0000] {processor.py:153} INFO - Started process (PID=676) to work on /opt/airflow/dags/smooth.py
[2025-03-20T16:48:08.244+0000] {processor.py:743} INFO - Processing file /opt/airflow/dags/smooth.py for tasks to queue
[2025-03-20T16:48:08.244+0000] {logging_mixin.py:137} INFO - [2025-03-20T16:48:08.244+0000] {dagbag.py:538} INFO - Filling up the DagBag from /opt/airflow/dags/smooth.py
[2025-03-20T16:48:08.276+0000] {processor.py:753} INFO - DAG(s) dict_keys(['smooth']) retrieved from /opt/airflow/dags/smooth.py
[2025-03-20T16:48:08.313+0000] {logging_mixin.py:137} INFO - [2025-03-20T16:48:08.313+0000] {dag.py:2690} INFO - Sync 1 DAGs
[2025-03-20T16:48:08.382+0000] {logging_mixin.py:137} INFO - [2025-03-20T16:48:08.382+0000] {dag.py:3441} INFO - Setting next_dagrun for smooth to None, run_after=None
[2025-03-20T16:48:08.415+0000] {processor.py:175} INFO - Processing /opt/airflow/dags/smooth.py took 0.178 seconds
[2025-03-20T16:48:38.542+0000] {processor.py:153} INFO - Started process (PID=709) to work on /opt/airflow/dags/smooth.py
[2025-03-20T16:48:38.543+0000] {processor.py:743} INFO - Processing file /opt/airflow/dags/smooth.py for tasks to queue
[2025-03-20T16:48:38.544+0000] {logging_mixin.py:137} INFO - [2025-03-20T16:48:38.544+0000] {dagbag.py:538} INFO - Filling up the DagBag from /opt/airflow/dags/smooth.py
[2025-03-20T16:48:38.571+0000] {processor.py:753} INFO - DAG(s) dict_keys(['smooth']) retrieved from /opt/airflow/dags/smooth.py
[2025-03-20T16:48:38.600+0000] {logging_mixin.py:137} INFO - [2025-03-20T16:48:38.600+0000] {dag.py:2690} INFO - Sync 1 DAGs
[2025-03-20T16:48:38.630+0000] {logging_mixin.py:137} INFO - [2025-03-20T16:48:38.630+0000] {dag.py:3441} INFO - Setting next_dagrun for smooth to None, run_after=None
[2025-03-20T16:48:38.652+0000] {processor.py:175} INFO - Processing /opt/airflow/dags/smooth.py took 0.116 seconds
[2025-03-20T16:49:08.751+0000] {processor.py:153} INFO - Started process (PID=742) to work on /opt/airflow/dags/smooth.py
[2025-03-20T16:49:08.752+0000] {processor.py:743} INFO - Processing file /opt/airflow/dags/smooth.py for tasks to queue
[2025-03-20T16:49:08.753+0000] {logging_mixin.py:137} INFO - [2025-03-20T16:49:08.753+0000] {dagbag.py:538} INFO - Filling up the DagBag from /opt/airflow/dags/smooth.py
[2025-03-20T16:49:08.777+0000] {processor.py:753} INFO - DAG(s) dict_keys(['smooth']) retrieved from /opt/airflow/dags/smooth.py
[2025-03-20T16:49:08.827+0000] {logging_mixin.py:137} INFO - [2025-03-20T16:49:08.827+0000] {dag.py:2690} INFO - Sync 1 DAGs
[2025-03-20T16:49:08.866+0000] {logging_mixin.py:137} INFO - [2025-03-20T16:49:08.866+0000] {dag.py:3441} INFO - Setting next_dagrun for smooth to None, run_after=None
[2025-03-20T16:49:08.890+0000] {processor.py:175} INFO - Processing /opt/airflow/dags/smooth.py took 0.144 seconds
[2025-03-20T16:49:38.988+0000] {processor.py:153} INFO - Started process (PID=775) to work on /opt/airflow/dags/smooth.py
[2025-03-20T16:49:38.990+0000] {processor.py:743} INFO - Processing file /opt/airflow/dags/smooth.py for tasks to queue
[2025-03-20T16:49:38.991+0000] {logging_mixin.py:137} INFO - [2025-03-20T16:49:38.990+0000] {dagbag.py:538} INFO - Filling up the DagBag from /opt/airflow/dags/smooth.py
[2025-03-20T16:49:39.037+0000] {processor.py:753} INFO - DAG(s) dict_keys(['smooth']) retrieved from /opt/airflow/dags/smooth.py
[2025-03-20T16:49:39.090+0000] {logging_mixin.py:137} INFO - [2025-03-20T16:49:39.090+0000] {dag.py:2690} INFO - Sync 1 DAGs
[2025-03-20T16:49:39.133+0000] {logging_mixin.py:137} INFO - [2025-03-20T16:49:39.133+0000] {dag.py:3441} INFO - Setting next_dagrun for smooth to None, run_after=None
[2025-03-20T16:49:39.175+0000] {processor.py:175} INFO - Processing /opt/airflow/dags/smooth.py took 0.191 seconds
[2025-03-20T16:50:09.263+0000] {processor.py:153} INFO - Started process (PID=824) to work on /opt/airflow/dags/smooth.py
[2025-03-20T16:50:09.265+0000] {processor.py:743} INFO - Processing file /opt/airflow/dags/smooth.py for tasks to queue
[2025-03-20T16:50:09.266+0000] {logging_mixin.py:137} INFO - [2025-03-20T16:50:09.266+0000] {dagbag.py:538} INFO - Filling up the DagBag from /opt/airflow/dags/smooth.py
[2025-03-20T16:50:09.291+0000] {processor.py:753} INFO - DAG(s) dict_keys(['smooth']) retrieved from /opt/airflow/dags/smooth.py
[2025-03-20T16:50:09.325+0000] {logging_mixin.py:137} INFO - [2025-03-20T16:50:09.325+0000] {dag.py:2690} INFO - Sync 1 DAGs
[2025-03-20T16:50:09.358+0000] {logging_mixin.py:137} INFO - [2025-03-20T16:50:09.358+0000] {dag.py:3441} INFO - Setting next_dagrun for smooth to None, run_after=None
[2025-03-20T16:50:09.382+0000] {processor.py:175} INFO - Processing /opt/airflow/dags/smooth.py took 0.123 seconds
[2025-03-20T16:50:39.548+0000] {processor.py:153} INFO - Started process (PID=857) to work on /opt/airflow/dags/smooth.py
[2025-03-20T16:50:39.550+0000] {processor.py:743} INFO - Processing file /opt/airflow/dags/smooth.py for tasks to queue
[2025-03-20T16:50:39.551+0000] {logging_mixin.py:137} INFO - [2025-03-20T16:50:39.551+0000] {dagbag.py:538} INFO - Filling up the DagBag from /opt/airflow/dags/smooth.py
[2025-03-20T16:50:39.589+0000] {processor.py:753} INFO - DAG(s) dict_keys(['smooth']) retrieved from /opt/airflow/dags/smooth.py
[2025-03-20T16:50:39.660+0000] {logging_mixin.py:137} INFO - [2025-03-20T16:50:39.660+0000] {dag.py:2690} INFO - Sync 1 DAGs
[2025-03-20T16:50:39.737+0000] {logging_mixin.py:137} INFO - [2025-03-20T16:50:39.737+0000] {dag.py:3441} INFO - Setting next_dagrun for smooth to None, run_after=None
[2025-03-20T16:50:39.778+0000] {processor.py:175} INFO - Processing /opt/airflow/dags/smooth.py took 0.233 seconds
[2025-03-20T16:51:09.965+0000] {processor.py:153} INFO - Started process (PID=890) to work on /opt/airflow/dags/smooth.py
[2025-03-20T16:51:09.967+0000] {processor.py:743} INFO - Processing file /opt/airflow/dags/smooth.py for tasks to queue
[2025-03-20T16:51:09.967+0000] {logging_mixin.py:137} INFO - [2025-03-20T16:51:09.967+0000] {dagbag.py:538} INFO - Filling up the DagBag from /opt/airflow/dags/smooth.py
[2025-03-20T16:51:09.998+0000] {processor.py:753} INFO - DAG(s) dict_keys(['smooth']) retrieved from /opt/airflow/dags/smooth.py
[2025-03-20T16:51:10.031+0000] {logging_mixin.py:137} INFO - [2025-03-20T16:51:10.030+0000] {dag.py:2690} INFO - Sync 1 DAGs
[2025-03-20T16:51:10.061+0000] {logging_mixin.py:137} INFO - [2025-03-20T16:51:10.061+0000] {dag.py:3441} INFO - Setting next_dagrun for smooth to None, run_after=None
[2025-03-20T16:51:10.084+0000] {processor.py:175} INFO - Processing /opt/airflow/dags/smooth.py took 0.124 seconds
[2025-03-20T16:51:40.170+0000] {processor.py:153} INFO - Started process (PID=931) to work on /opt/airflow/dags/smooth.py
[2025-03-20T16:51:40.172+0000] {processor.py:743} INFO - Processing file /opt/airflow/dags/smooth.py for tasks to queue
[2025-03-20T16:51:40.172+0000] {logging_mixin.py:137} INFO - [2025-03-20T16:51:40.172+0000] {dagbag.py:538} INFO - Filling up the DagBag from /opt/airflow/dags/smooth.py
[2025-03-20T16:51:40.204+0000] {processor.py:753} INFO - DAG(s) dict_keys(['smooth']) retrieved from /opt/airflow/dags/smooth.py
[2025-03-20T16:51:40.251+0000] {logging_mixin.py:137} INFO - [2025-03-20T16:51:40.251+0000] {dag.py:2690} INFO - Sync 1 DAGs
[2025-03-20T16:51:40.310+0000] {logging_mixin.py:137} INFO - [2025-03-20T16:51:40.310+0000] {dag.py:3441} INFO - Setting next_dagrun for smooth to None, run_after=None
[2025-03-20T16:51:40.359+0000] {processor.py:175} INFO - Processing /opt/airflow/dags/smooth.py took 0.194 seconds
[2025-03-20T16:52:10.561+0000] {processor.py:153} INFO - Started process (PID=971) to work on /opt/airflow/dags/smooth.py
[2025-03-20T16:52:10.566+0000] {processor.py:743} INFO - Processing file /opt/airflow/dags/smooth.py for tasks to queue
[2025-03-20T16:52:10.567+0000] {logging_mixin.py:137} INFO - [2025-03-20T16:52:10.567+0000] {dagbag.py:538} INFO - Filling up the DagBag from /opt/airflow/dags/smooth.py
[2025-03-20T16:52:10.602+0000] {processor.py:753} INFO - DAG(s) dict_keys(['smooth']) retrieved from /opt/airflow/dags/smooth.py
[2025-03-20T16:52:10.671+0000] {logging_mixin.py:137} INFO - [2025-03-20T16:52:10.670+0000] {dag.py:2690} INFO - Sync 1 DAGs
[2025-03-20T16:52:10.735+0000] {logging_mixin.py:137} INFO - [2025-03-20T16:52:10.735+0000] {dag.py:3441} INFO - Setting next_dagrun for smooth to None, run_after=None
[2025-03-20T16:52:10.759+0000] {processor.py:175} INFO - Processing /opt/airflow/dags/smooth.py took 0.206 seconds
[2025-03-20T16:52:40.961+0000] {processor.py:153} INFO - Started process (PID=1004) to work on /opt/airflow/dags/smooth.py
[2025-03-20T16:52:40.963+0000] {processor.py:743} INFO - Processing file /opt/airflow/dags/smooth.py for tasks to queue
[2025-03-20T16:52:40.964+0000] {logging_mixin.py:137} INFO - [2025-03-20T16:52:40.964+0000] {dagbag.py:538} INFO - Filling up the DagBag from /opt/airflow/dags/smooth.py
[2025-03-20T16:52:40.993+0000] {processor.py:753} INFO - DAG(s) dict_keys(['smooth']) retrieved from /opt/airflow/dags/smooth.py
[2025-03-20T16:52:41.075+0000] {logging_mixin.py:137} INFO - [2025-03-20T16:52:41.075+0000] {dag.py:2690} INFO - Sync 1 DAGs
[2025-03-20T16:52:41.116+0000] {logging_mixin.py:137} INFO - [2025-03-20T16:52:41.115+0000] {dag.py:3441} INFO - Setting next_dagrun for smooth to None, run_after=None
[2025-03-20T16:52:41.142+0000] {processor.py:175} INFO - Processing /opt/airflow/dags/smooth.py took 0.186 seconds
[2025-03-20T16:53:11.314+0000] {processor.py:153} INFO - Started process (PID=1037) to work on /opt/airflow/dags/smooth.py
[2025-03-20T16:53:11.317+0000] {processor.py:743} INFO - Processing file /opt/airflow/dags/smooth.py for tasks to queue
[2025-03-20T16:53:11.318+0000] {logging_mixin.py:137} INFO - [2025-03-20T16:53:11.318+0000] {dagbag.py:538} INFO - Filling up the DagBag from /opt/airflow/dags/smooth.py
[2025-03-20T16:53:11.347+0000] {processor.py:753} INFO - DAG(s) dict_keys(['smooth']) retrieved from /opt/airflow/dags/smooth.py
[2025-03-20T16:53:11.383+0000] {logging_mixin.py:137} INFO - [2025-03-20T16:53:11.383+0000] {dag.py:2690} INFO - Sync 1 DAGs
[2025-03-20T16:53:11.420+0000] {logging_mixin.py:137} INFO - [2025-03-20T16:53:11.419+0000] {dag.py:3441} INFO - Setting next_dagrun for smooth to None, run_after=None
[2025-03-20T16:53:11.448+0000] {processor.py:175} INFO - Processing /opt/airflow/dags/smooth.py took 0.139 seconds
[2025-03-20T16:53:41.535+0000] {processor.py:153} INFO - Started process (PID=1077) to work on /opt/airflow/dags/smooth.py
[2025-03-20T16:53:41.537+0000] {processor.py:743} INFO - Processing file /opt/airflow/dags/smooth.py for tasks to queue
[2025-03-20T16:53:41.538+0000] {logging_mixin.py:137} INFO - [2025-03-20T16:53:41.538+0000] {dagbag.py:538} INFO - Filling up the DagBag from /opt/airflow/dags/smooth.py
[2025-03-20T16:53:41.590+0000] {processor.py:753} INFO - DAG(s) dict_keys(['smooth']) retrieved from /opt/airflow/dags/smooth.py
[2025-03-20T16:53:41.659+0000] {logging_mixin.py:137} INFO - [2025-03-20T16:53:41.659+0000] {dag.py:2690} INFO - Sync 1 DAGs
[2025-03-20T16:53:41.703+0000] {logging_mixin.py:137} INFO - [2025-03-20T16:53:41.702+0000] {dag.py:3441} INFO - Setting next_dagrun for smooth to None, run_after=None
[2025-03-20T16:53:41.735+0000] {processor.py:175} INFO - Processing /opt/airflow/dags/smooth.py took 0.207 seconds
[2025-03-20T16:54:11.789+0000] {processor.py:153} INFO - Started process (PID=1119) to work on /opt/airflow/dags/smooth.py
[2025-03-20T16:54:11.803+0000] {processor.py:743} INFO - Processing file /opt/airflow/dags/smooth.py for tasks to queue
[2025-03-20T16:54:11.804+0000] {logging_mixin.py:137} INFO - [2025-03-20T16:54:11.804+0000] {dagbag.py:538} INFO - Filling up the DagBag from /opt/airflow/dags/smooth.py
[2025-03-20T16:54:11.829+0000] {processor.py:753} INFO - DAG(s) dict_keys(['smooth']) retrieved from /opt/airflow/dags/smooth.py
[2025-03-20T16:54:11.890+0000] {logging_mixin.py:137} INFO - [2025-03-20T16:54:11.890+0000] {dag.py:2690} INFO - Sync 1 DAGs
[2025-03-20T16:54:11.938+0000] {logging_mixin.py:137} INFO - [2025-03-20T16:54:11.938+0000] {dag.py:3441} INFO - Setting next_dagrun for smooth to None, run_after=None
[2025-03-20T16:54:11.970+0000] {processor.py:175} INFO - Processing /opt/airflow/dags/smooth.py took 0.192 seconds
[2025-03-20T16:54:42.092+0000] {processor.py:153} INFO - Started process (PID=1152) to work on /opt/airflow/dags/smooth.py
[2025-03-20T16:54:42.093+0000] {processor.py:743} INFO - Processing file /opt/airflow/dags/smooth.py for tasks to queue
[2025-03-20T16:54:42.094+0000] {logging_mixin.py:137} INFO - [2025-03-20T16:54:42.094+0000] {dagbag.py:538} INFO - Filling up the DagBag from /opt/airflow/dags/smooth.py
[2025-03-20T16:54:42.133+0000] {processor.py:753} INFO - DAG(s) dict_keys(['smooth']) retrieved from /opt/airflow/dags/smooth.py
[2025-03-20T16:54:42.175+0000] {logging_mixin.py:137} INFO - [2025-03-20T16:54:42.175+0000] {dag.py:2690} INFO - Sync 1 DAGs
[2025-03-20T16:54:42.212+0000] {logging_mixin.py:137} INFO - [2025-03-20T16:54:42.212+0000] {dag.py:3441} INFO - Setting next_dagrun for smooth to None, run_after=None
[2025-03-20T16:54:42.241+0000] {processor.py:175} INFO - Processing /opt/airflow/dags/smooth.py took 0.154 seconds
[2025-03-20T16:55:12.345+0000] {processor.py:153} INFO - Started process (PID=1184) to work on /opt/airflow/dags/smooth.py
[2025-03-20T16:55:12.346+0000] {processor.py:743} INFO - Processing file /opt/airflow/dags/smooth.py for tasks to queue
[2025-03-20T16:55:12.347+0000] {logging_mixin.py:137} INFO - [2025-03-20T16:55:12.347+0000] {dagbag.py:538} INFO - Filling up the DagBag from /opt/airflow/dags/smooth.py
[2025-03-20T16:55:12.389+0000] {processor.py:753} INFO - DAG(s) dict_keys(['smooth']) retrieved from /opt/airflow/dags/smooth.py
[2025-03-20T16:55:12.441+0000] {logging_mixin.py:137} INFO - [2025-03-20T16:55:12.440+0000] {dag.py:2690} INFO - Sync 1 DAGs
[2025-03-20T16:55:12.494+0000] {logging_mixin.py:137} INFO - [2025-03-20T16:55:12.494+0000] {dag.py:3441} INFO - Setting next_dagrun for smooth to None, run_after=None
[2025-03-20T16:55:12.522+0000] {processor.py:175} INFO - Processing /opt/airflow/dags/smooth.py took 0.181 seconds
[2025-03-20T16:55:42.595+0000] {processor.py:153} INFO - Started process (PID=1227) to work on /opt/airflow/dags/smooth.py
[2025-03-20T16:55:42.598+0000] {processor.py:743} INFO - Processing file /opt/airflow/dags/smooth.py for tasks to queue
[2025-03-20T16:55:42.599+0000] {logging_mixin.py:137} INFO - [2025-03-20T16:55:42.598+0000] {dagbag.py:538} INFO - Filling up the DagBag from /opt/airflow/dags/smooth.py
[2025-03-20T16:55:42.630+0000] {processor.py:753} INFO - DAG(s) dict_keys(['smooth']) retrieved from /opt/airflow/dags/smooth.py
[2025-03-20T16:55:42.667+0000] {logging_mixin.py:137} INFO - [2025-03-20T16:55:42.667+0000] {dag.py:2690} INFO - Sync 1 DAGs
[2025-03-20T16:55:42.704+0000] {logging_mixin.py:137} INFO - [2025-03-20T16:55:42.704+0000] {dag.py:3441} INFO - Setting next_dagrun for smooth to None, run_after=None
[2025-03-20T16:55:42.729+0000] {processor.py:175} INFO - Processing /opt/airflow/dags/smooth.py took 0.143 seconds
[2025-03-20T16:56:12.892+0000] {processor.py:153} INFO - Started process (PID=1267) to work on /opt/airflow/dags/smooth.py
[2025-03-20T16:56:12.894+0000] {processor.py:743} INFO - Processing file /opt/airflow/dags/smooth.py for tasks to queue
[2025-03-20T16:56:12.894+0000] {logging_mixin.py:137} INFO - [2025-03-20T16:56:12.894+0000] {dagbag.py:538} INFO - Filling up the DagBag from /opt/airflow/dags/smooth.py
[2025-03-20T16:56:12.933+0000] {processor.py:753} INFO - DAG(s) dict_keys(['smooth']) retrieved from /opt/airflow/dags/smooth.py
[2025-03-20T16:56:12.973+0000] {logging_mixin.py:137} INFO - [2025-03-20T16:56:12.973+0000] {dag.py:2690} INFO - Sync 1 DAGs
[2025-03-20T16:56:13.030+0000] {logging_mixin.py:137} INFO - [2025-03-20T16:56:13.030+0000] {dag.py:3441} INFO - Setting next_dagrun for smooth to None, run_after=None
[2025-03-20T16:56:13.058+0000] {processor.py:175} INFO - Processing /opt/airflow/dags/smooth.py took 0.176 seconds
[2025-03-20T16:56:43.103+0000] {processor.py:153} INFO - Started process (PID=1301) to work on /opt/airflow/dags/smooth.py
[2025-03-20T16:56:43.105+0000] {processor.py:743} INFO - Processing file /opt/airflow/dags/smooth.py for tasks to queue
[2025-03-20T16:56:43.105+0000] {logging_mixin.py:137} INFO - [2025-03-20T16:56:43.105+0000] {dagbag.py:538} INFO - Filling up the DagBag from /opt/airflow/dags/smooth.py
[2025-03-20T16:56:43.131+0000] {processor.py:753} INFO - DAG(s) dict_keys(['smooth']) retrieved from /opt/airflow/dags/smooth.py
[2025-03-20T16:56:43.178+0000] {logging_mixin.py:137} INFO - [2025-03-20T16:56:43.178+0000] {dag.py:2690} INFO - Sync 1 DAGs
[2025-03-20T16:56:43.218+0000] {logging_mixin.py:137} INFO - [2025-03-20T16:56:43.218+0000] {dag.py:3441} INFO - Setting next_dagrun for smooth to None, run_after=None
[2025-03-20T16:56:43.255+0000] {processor.py:175} INFO - Processing /opt/airflow/dags/smooth.py took 0.155 seconds
[2025-03-20T16:57:13.415+0000] {processor.py:153} INFO - Started process (PID=1334) to work on /opt/airflow/dags/smooth.py
[2025-03-20T16:57:13.416+0000] {processor.py:743} INFO - Processing file /opt/airflow/dags/smooth.py for tasks to queue
[2025-03-20T16:57:13.417+0000] {logging_mixin.py:137} INFO - [2025-03-20T16:57:13.417+0000] {dagbag.py:538} INFO - Filling up the DagBag from /opt/airflow/dags/smooth.py
[2025-03-20T16:57:13.447+0000] {processor.py:753} INFO - DAG(s) dict_keys(['smooth']) retrieved from /opt/airflow/dags/smooth.py
[2025-03-20T16:57:13.492+0000] {logging_mixin.py:137} INFO - [2025-03-20T16:57:13.492+0000] {dag.py:2690} INFO - Sync 1 DAGs
[2025-03-20T16:57:13.523+0000] {logging_mixin.py:137} INFO - [2025-03-20T16:57:13.522+0000] {dag.py:3441} INFO - Setting next_dagrun for smooth to None, run_after=None
[2025-03-20T16:57:13.545+0000] {processor.py:175} INFO - Processing /opt/airflow/dags/smooth.py took 0.142 seconds
[2025-03-20T16:57:43.622+0000] {processor.py:153} INFO - Started process (PID=1383) to work on /opt/airflow/dags/smooth.py
[2025-03-20T16:57:43.624+0000] {processor.py:743} INFO - Processing file /opt/airflow/dags/smooth.py for tasks to queue
[2025-03-20T16:57:43.626+0000] {logging_mixin.py:137} INFO - [2025-03-20T16:57:43.625+0000] {dagbag.py:538} INFO - Filling up the DagBag from /opt/airflow/dags/smooth.py
[2025-03-20T16:57:43.660+0000] {processor.py:753} INFO - DAG(s) dict_keys(['smooth']) retrieved from /opt/airflow/dags/smooth.py
[2025-03-20T16:57:43.720+0000] {logging_mixin.py:137} INFO - [2025-03-20T16:57:43.720+0000] {dag.py:2690} INFO - Sync 1 DAGs
[2025-03-20T16:57:43.759+0000] {logging_mixin.py:137} INFO - [2025-03-20T16:57:43.759+0000] {dag.py:3441} INFO - Setting next_dagrun for smooth to None, run_after=None
[2025-03-20T16:57:43.783+0000] {processor.py:175} INFO - Processing /opt/airflow/dags/smooth.py took 0.166 seconds
