[2025-03-20T16:37:22.951+0000] {manager.py:483} INFO - Processing files using up to 2 processes at a time 
[2025-03-20T16:37:22.953+0000] {manager.py:484} INFO - Process each file at most once every 30 seconds
[2025-03-20T16:37:22.953+0000] {manager.py:486} INFO - Checking for new files in /opt/airflow/dags every 300 seconds
[2025-03-20T16:37:22.953+0000] {manager.py:726} INFO - Searching for files in /opt/airflow/dags
[2025-03-20T16:37:22.955+0000] {manager.py:729} INFO - There are 1 files in /opt/airflow/dags
[2025-03-20T16:37:23.043+0000] {manager.py:854} INFO - 
================================================================================
DAG File Processing Stats

File Path                      PID  Runtime      # DAGs    # Errors  Last Runtime    Last Run
---------------------------  -----  ---------  --------  ----------  --------------  ----------
/opt/airflow/dags/smooth.py     54  0.04s             0           0
================================================================================
[2025-03-20T16:37:53.232+0000] {manager.py:854} INFO - 
================================================================================
DAG File Processing Stats

File Path                      PID  Runtime      # DAGs    # Errors  Last Runtime    Last Run
---------------------------  -----  ---------  --------  ----------  --------------  -------------------
/opt/airflow/dags/smooth.py     87  0.01s             0           1  0.05s           2025-03-20T16:37:23
================================================================================
[2025-03-20T16:38:23.401+0000] {manager.py:854} INFO - 
================================================================================
DAG File Processing Stats

File Path                      PID  Runtime      # DAGs    # Errors  Last Runtime    Last Run
---------------------------  -----  ---------  --------  ----------  --------------  -------------------
/opt/airflow/dags/smooth.py    120  0.01s             0           1  0.06s           2025-03-20T16:37:53
================================================================================
[2025-03-20T16:38:45.645+0000] {manager.py:465} INFO - Exiting gracefully upon receiving signal 15
[2025-03-20T16:39:32.846+0000] {manager.py:483} INFO - Processing files using up to 2 processes at a time 
[2025-03-20T16:39:32.848+0000] {manager.py:484} INFO - Process each file at most once every 30 seconds
[2025-03-20T16:39:32.848+0000] {manager.py:486} INFO - Checking for new files in /opt/airflow/dags every 300 seconds
[2025-03-20T16:39:32.848+0000] {manager.py:726} INFO - Searching for files in /opt/airflow/dags
[2025-03-20T16:39:32.851+0000] {manager.py:729} INFO - There are 1 files in /opt/airflow/dags
[2025-03-20T16:39:32.951+0000] {manager.py:854} INFO - 
================================================================================
DAG File Processing Stats

File Path                      PID  Runtime      # DAGs    # Errors  Last Runtime    Last Run
---------------------------  -----  ---------  --------  ----------  --------------  ----------
/opt/airflow/dags/smooth.py     37  0.06s             0           0
================================================================================
[2025-03-20T16:40:03.175+0000] {manager.py:854} INFO - 
================================================================================
DAG File Processing Stats

File Path                    PID    Runtime      # DAGs    # Errors  Last Runtime    Last Run
---------------------------  -----  ---------  --------  ----------  --------------  -------------------
/opt/airflow/dags/smooth.py                           1           0  0.35s           2025-03-20T16:39:33
================================================================================
[2025-03-20T16:40:33.589+0000] {manager.py:854} INFO - 
================================================================================
DAG File Processing Stats

File Path                    PID    Runtime      # DAGs    # Errors  Last Runtime    Last Run
---------------------------  -----  ---------  --------  ----------  --------------  -------------------
/opt/airflow/dags/smooth.py                           1           0  0.26s           2025-03-20T16:40:03
================================================================================
[2025-03-20T16:41:03.998+0000] {manager.py:854} INFO - 
================================================================================
DAG File Processing Stats

File Path                    PID    Runtime      # DAGs    # Errors  Last Runtime    Last Run
---------------------------  -----  ---------  --------  ----------  --------------  -------------------
/opt/airflow/dags/smooth.py                           1           0  0.20s           2025-03-20T16:40:34
================================================================================
[2025-03-20T16:41:34.374+0000] {manager.py:854} INFO - 
================================================================================
DAG File Processing Stats

File Path                    PID    Runtime      # DAGs    # Errors  Last Runtime    Last Run
---------------------------  -----  ---------  --------  ----------  --------------  -------------------
/opt/airflow/dags/smooth.py                           1           0  0.19s           2025-03-20T16:41:04
================================================================================
[2025-03-20T16:42:04.750+0000] {manager.py:854} INFO - 
================================================================================
DAG File Processing Stats

File Path                    PID    Runtime      # DAGs    # Errors  Last Runtime    Last Run
---------------------------  -----  ---------  --------  ----------  --------------  -------------------
/opt/airflow/dags/smooth.py                           1           0  0.24s           2025-03-20T16:41:34
================================================================================
[2025-03-20T16:42:35.170+0000] {manager.py:854} INFO - 
================================================================================
DAG File Processing Stats

File Path                    PID    Runtime      # DAGs    # Errors  Last Runtime    Last Run
---------------------------  -----  ---------  --------  ----------  --------------  -------------------
/opt/airflow/dags/smooth.py                           1           0  0.26s           2025-03-20T16:42:05
================================================================================
[2025-03-20T16:43:05.548+0000] {manager.py:854} INFO - 
================================================================================
DAG File Processing Stats

File Path                    PID    Runtime      # DAGs    # Errors  Last Runtime    Last Run
---------------------------  -----  ---------  --------  ----------  --------------  -------------------
/opt/airflow/dags/smooth.py                           1           0  0.19s           2025-03-20T16:42:35
================================================================================
[2025-03-20T16:43:35.932+0000] {manager.py:854} INFO - 
================================================================================
DAG File Processing Stats

File Path                      PID  Runtime      # DAGs    # Errors  Last Runtime    Last Run
---------------------------  -----  ---------  --------  ----------  --------------  -------------------
/opt/airflow/dags/smooth.py    332  0.00s             1           0  0.16s           2025-03-20T16:43:05
================================================================================
[2025-03-20T16:44:06.258+0000] {manager.py:854} INFO - 
================================================================================
DAG File Processing Stats

File Path                      PID  Runtime      # DAGs    # Errors  Last Runtime    Last Run
---------------------------  -----  ---------  --------  ----------  --------------  -------------------
/opt/airflow/dags/smooth.py    381  0.01s             1           0  0.22s           2025-03-20T16:43:36
================================================================================
[2025-03-20T16:44:33.463+0000] {manager.py:726} INFO - Searching for files in /opt/airflow/dags
[2025-03-20T16:44:33.464+0000] {manager.py:729} INFO - There are 1 files in /opt/airflow/dags
[2025-03-20T16:44:36.506+0000] {manager.py:854} INFO - 
================================================================================
DAG File Processing Stats

File Path                      PID  Runtime      # DAGs    # Errors  Last Runtime    Last Run
---------------------------  -----  ---------  --------  ----------  --------------  -------------------
/opt/airflow/dags/smooth.py    414  0.01s             1           0  0.14s           2025-03-20T16:44:06
================================================================================
[2025-03-20T16:45:06.704+0000] {manager.py:854} INFO - 
================================================================================
DAG File Processing Stats

File Path                      PID  Runtime      # DAGs    # Errors  Last Runtime    Last Run
---------------------------  -----  ---------  --------  ----------  --------------  -------------------
/opt/airflow/dags/smooth.py    447  0.01s             1           0  0.14s           2025-03-20T16:44:36
================================================================================
[2025-03-20T16:45:36.969+0000] {manager.py:854} INFO - 
================================================================================
DAG File Processing Stats

File Path                      PID  Runtime      # DAGs    # Errors  Last Runtime    Last Run
---------------------------  -----  ---------  --------  ----------  --------------  -------------------
/opt/airflow/dags/smooth.py    489  0.01s             1           0  0.14s           2025-03-20T16:45:06
================================================================================
[2025-03-20T16:46:07.189+0000] {manager.py:854} INFO - 
================================================================================
DAG File Processing Stats

File Path                      PID  Runtime      # DAGs    # Errors  Last Runtime    Last Run
---------------------------  -----  ---------  --------  ----------  --------------  -------------------
/opt/airflow/dags/smooth.py    529  0.01s             1           0  0.21s           2025-03-20T16:45:37
================================================================================
[2025-03-20T16:46:37.520+0000] {manager.py:854} INFO - 
================================================================================
DAG File Processing Stats

File Path                      PID  Runtime      # DAGs    # Errors  Last Runtime    Last Run
---------------------------  -----  ---------  --------  ----------  --------------  -------------------
/opt/airflow/dags/smooth.py    562  0.01s             1           0  0.18s           2025-03-20T16:46:07
================================================================================
[2025-03-20T16:47:07.719+0000] {manager.py:854} INFO - 
================================================================================
DAG File Processing Stats

File Path                      PID  Runtime      # DAGs    # Errors  Last Runtime    Last Run
---------------------------  -----  ---------  --------  ----------  --------------  -------------------
/opt/airflow/dags/smooth.py    595  0.00s             1           0  0.16s           2025-03-20T16:46:37
================================================================================
[2025-03-20T16:47:37.991+0000] {manager.py:854} INFO - 
================================================================================
DAG File Processing Stats

File Path                      PID  Runtime      # DAGs    # Errors  Last Runtime    Last Run
---------------------------  -----  ---------  --------  ----------  --------------  -------------------
/opt/airflow/dags/smooth.py    627  0.01s             1           0  0.17s           2025-03-20T16:47:07
================================================================================
[2025-03-20T16:48:08.235+0000] {manager.py:854} INFO - 
================================================================================
DAG File Processing Stats

File Path                      PID  Runtime      # DAGs    # Errors  Last Runtime    Last Run
---------------------------  -----  ---------  --------  ----------  --------------  -------------------
/opt/airflow/dags/smooth.py    676  0.00s             1           0  0.21s           2025-03-20T16:47:38
================================================================================
[2025-03-20T16:48:38.536+0000] {manager.py:854} INFO - 
================================================================================
DAG File Processing Stats

File Path                      PID  Runtime      # DAGs    # Errors  Last Runtime    Last Run
---------------------------  -----  ---------  --------  ----------  --------------  -------------------
/opt/airflow/dags/smooth.py    709  0.01s             1           0  0.20s           2025-03-20T16:48:08
================================================================================
[2025-03-20T16:49:08.750+0000] {manager.py:854} INFO - 
================================================================================
DAG File Processing Stats

File Path                      PID  Runtime      # DAGs    # Errors  Last Runtime    Last Run
---------------------------  -----  ---------  --------  ----------  --------------  -------------------
/opt/airflow/dags/smooth.py    742  0.01s             1           0  0.13s           2025-03-20T16:48:38
================================================================================
[2025-03-20T16:49:33.934+0000] {manager.py:726} INFO - Searching for files in /opt/airflow/dags
[2025-03-20T16:49:33.935+0000] {manager.py:729} INFO - There are 1 files in /opt/airflow/dags
[2025-03-20T16:49:38.981+0000] {manager.py:854} INFO - 
================================================================================
DAG File Processing Stats

File Path                      PID  Runtime      # DAGs    # Errors  Last Runtime    Last Run
---------------------------  -----  ---------  --------  ----------  --------------  -------------------
/opt/airflow/dags/smooth.py    775  0.01s             1           0  0.16s           2025-03-20T16:49:08
================================================================================
[2025-03-20T16:50:09.258+0000] {manager.py:854} INFO - 
================================================================================
DAG File Processing Stats

File Path                      PID  Runtime      # DAGs    # Errors  Last Runtime    Last Run
---------------------------  -----  ---------  --------  ----------  --------------  -------------------
/opt/airflow/dags/smooth.py    824  0.01s             1           0  0.21s           2025-03-20T16:49:39
================================================================================
[2025-03-20T16:50:39.539+0000] {manager.py:854} INFO - 
================================================================================
DAG File Processing Stats

File Path                      PID  Runtime      # DAGs    # Errors  Last Runtime    Last Run
---------------------------  -----  ---------  --------  ----------  --------------  -------------------
/opt/airflow/dags/smooth.py    857  0.01s             1           0  0.14s           2025-03-20T16:50:09
================================================================================
[2025-03-20T16:51:09.738+0000] {manager.py:854} INFO - 
================================================================================
DAG File Processing Stats

File Path                    PID    Runtime      # DAGs    # Errors  Last Runtime    Last Run
---------------------------  -----  ---------  --------  ----------  --------------  -------------------
/opt/airflow/dags/smooth.py                           1           0  0.27s           2025-03-20T16:50:39
================================================================================
[2025-03-20T16:51:40.162+0000] {manager.py:854} INFO - 
================================================================================
DAG File Processing Stats

File Path                      PID  Runtime      # DAGs    # Errors  Last Runtime    Last Run
---------------------------  -----  ---------  --------  ----------  --------------  -------------------
/opt/airflow/dags/smooth.py    931  0.01s             1           0  0.14s           2025-03-20T16:51:10
================================================================================
[2025-03-20T16:52:10.377+0000] {manager.py:854} INFO - 
================================================================================
DAG File Processing Stats

File Path                    PID    Runtime      # DAGs    # Errors  Last Runtime    Last Run
---------------------------  -----  ---------  --------  ----------  --------------  -------------------
/opt/airflow/dags/smooth.py                           1           0  0.23s           2025-03-20T16:51:40
================================================================================
[2025-03-20T16:52:40.703+0000] {manager.py:854} INFO - 
================================================================================
DAG File Processing Stats

File Path                    PID    Runtime      # DAGs    # Errors  Last Runtime    Last Run
---------------------------  -----  ---------  --------  ----------  --------------  -------------------
/opt/airflow/dags/smooth.py                           1           0  0.23s           2025-03-20T16:52:10
================================================================================
[2025-03-20T16:53:11.099+0000] {manager.py:854} INFO - 
================================================================================
DAG File Processing Stats

File Path                    PID    Runtime      # DAGs    # Errors  Last Runtime    Last Run
---------------------------  -----  ---------  --------  ----------  --------------  -------------------
/opt/airflow/dags/smooth.py                           1           0  0.20s           2025-03-20T16:52:41
================================================================================
[2025-03-20T16:53:41.526+0000] {manager.py:854} INFO - 
================================================================================
DAG File Processing Stats

File Path                      PID  Runtime      # DAGs    # Errors  Last Runtime    Last Run
---------------------------  -----  ---------  --------  ----------  --------------  -------------------
/opt/airflow/dags/smooth.py   1077  0.01s             1           0  0.16s           2025-03-20T16:53:11
================================================================================
[2025-03-20T16:54:11.777+0000] {manager.py:854} INFO - 
================================================================================
DAG File Processing Stats

File Path                      PID  Runtime      # DAGs    # Errors  Last Runtime    Last Run
---------------------------  -----  ---------  --------  ----------  --------------  -------------------
/opt/airflow/dags/smooth.py   1119  0.01s             1           0  0.23s           2025-03-20T16:53:41
================================================================================
[2025-03-20T16:54:34.019+0000] {manager.py:726} INFO - Searching for files in /opt/airflow/dags
[2025-03-20T16:54:34.021+0000] {manager.py:729} INFO - There are 1 files in /opt/airflow/dags
[2025-03-20T16:54:42.086+0000] {manager.py:854} INFO - 
================================================================================
DAG File Processing Stats

File Path                      PID  Runtime      # DAGs    # Errors  Last Runtime    Last Run
---------------------------  -----  ---------  --------  ----------  --------------  -------------------
/opt/airflow/dags/smooth.py   1152  0.01s             1           0  0.21s           2025-03-20T16:54:11
================================================================================
[2025-03-20T16:55:12.338+0000] {manager.py:854} INFO - 
================================================================================
DAG File Processing Stats

File Path                      PID  Runtime      # DAGs    # Errors  Last Runtime    Last Run
---------------------------  -----  ---------  --------  ----------  --------------  -------------------
/opt/airflow/dags/smooth.py   1184  0.01s             1           0  0.17s           2025-03-20T16:54:42
================================================================================
[2025-03-20T16:55:42.584+0000] {manager.py:854} INFO - 
================================================================================
DAG File Processing Stats

File Path                      PID  Runtime      # DAGs    # Errors  Last Runtime    Last Run
---------------------------  -----  ---------  --------  ----------  --------------  -------------------
/opt/airflow/dags/smooth.py   1227  0.01s             1           0  0.20s           2025-03-20T16:55:12
================================================================================
[2025-03-20T16:56:12.881+0000] {manager.py:854} INFO - 
================================================================================
DAG File Processing Stats

File Path                      PID  Runtime      # DAGs    # Errors  Last Runtime    Last Run
---------------------------  -----  ---------  --------  ----------  --------------  -------------------
/opt/airflow/dags/smooth.py   1267  0.01s             1           0  0.16s           2025-03-20T16:55:42
================================================================================
[2025-03-20T16:56:43.097+0000] {manager.py:854} INFO - 
================================================================================
DAG File Processing Stats

File Path                      PID  Runtime      # DAGs    # Errors  Last Runtime    Last Run
---------------------------  -----  ---------  --------  ----------  --------------  -------------------
/opt/airflow/dags/smooth.py   1301  0.01s             1           0  0.20s           2025-03-20T16:56:13
================================================================================
[2025-03-20T16:57:13.400+0000] {manager.py:854} INFO - 
================================================================================
DAG File Processing Stats

File Path                      PID  Runtime      # DAGs    # Errors  Last Runtime    Last Run
---------------------------  -----  ---------  --------  ----------  --------------  -------------------
/opt/airflow/dags/smooth.py   1334  0.00s             1           0  0.17s           2025-03-20T16:56:43
================================================================================
[2025-03-20T16:57:43.618+0000] {manager.py:854} INFO - 
================================================================================
DAG File Processing Stats

File Path                      PID  Runtime      # DAGs    # Errors  Last Runtime    Last Run
---------------------------  -----  ---------  --------  ----------  --------------  -------------------
/opt/airflow/dags/smooth.py   1383  0.01s             1           0  0.16s           2025-03-20T16:57:13
================================================================================
