[2025-03-20T16:39:51.006+0000] {taskinstance.py:1083} INFO - Dependencies all met for <TaskInstance: smooth.youtube_video manual__2025-03-20T16:39:49.819048+00:00 [queued]>
[2025-03-20T16:39:51.053+0000] {taskinstance.py:1083} INFO - Dependencies all met for <TaskInstance: smooth.youtube_video manual__2025-03-20T16:39:49.819048+00:00 [queued]>
[2025-03-20T16:39:51.053+0000] {taskinstance.py:1279} INFO - 
--------------------------------------------------------------------------------
[2025-03-20T16:39:51.054+0000] {taskinstance.py:1280} INFO - Starting attempt 1 of 1
[2025-03-20T16:39:51.054+0000] {taskinstance.py:1281} INFO - 
--------------------------------------------------------------------------------
[2025-03-20T16:39:51.077+0000] {taskinstance.py:1300} INFO - Executing <Task(SmoothOperator): youtube_video> on 2025-03-20 16:39:49.819048+00:00
[2025-03-20T16:39:51.083+0000] {standard_task_runner.py:55} INFO - Started process 88 to run task
[2025-03-20T16:39:51.088+0000] {standard_task_runner.py:82} INFO - Running: ['***', 'tasks', 'run', 'smooth', 'youtube_video', 'manual__2025-03-20T16:39:49.819048+00:00', '--job-id', '5', '--raw', '--subdir', 'DAGS_FOLDER/smooth.py', '--cfg-path', '/tmp/tmpjuhwvptt']
[2025-03-20T16:39:51.089+0000] {standard_task_runner.py:83} INFO - Job 5: Subtask youtube_video
[2025-03-20T16:39:51.208+0000] {task_command.py:388} INFO - Running <TaskInstance: smooth.youtube_video manual__2025-03-20T16:39:49.819048+00:00 [running]> on host 1880b57d56d3
[2025-03-20T16:39:51.298+0000] {taskinstance.py:1509} INFO - Exporting the following env vars:
AIRFLOW_CTX_DAG_OWNER=***
AIRFLOW_CTX_DAG_ID=smooth
AIRFLOW_CTX_TASK_ID=youtube_video
AIRFLOW_CTX_EXECUTION_DATE=2025-03-20T16:39:49.819048+00:00
AIRFLOW_CTX_TRY_NUMBER=1
AIRFLOW_CTX_DAG_RUN_ID=manual__2025-03-20T16:39:49.819048+00:00
[2025-03-20T16:39:51.299+0000] {smooth.py:37} INFO - Enjoy Sade - Smooth Operator: https://www.youtube.com/watch?v=4TYv2PhG89A
[2025-03-20T16:39:51.311+0000] {taskinstance.py:1323} INFO - Marking task as SUCCESS. dag_id=smooth, task_id=youtube_video, execution_date=20250320T163949, start_date=20250320T163951, end_date=20250320T163951
[2025-03-20T16:39:51.342+0000] {local_task_job.py:208} INFO - Task exited with return code 0
[2025-03-20T16:39:51.363+0000] {taskinstance.py:2578} INFO - 0 downstream tasks scheduled from follow-on schedule check
